<?xml version="1.0" encoding="UTF-8"?>
<testng-results skipped="0" failed="2" ignored="0" total="11" passed="9">
  <reporter-output>
  </reporter-output>
  <suite name="Default suite" duration-ms="550486" started-at="2022-10-29T10:21:39Z" finished-at="2022-10-29T10:30:50Z">
    <groups>
    </groups>
    <test name="Default test" duration-ms="550486" started-at="2022-10-29T10:21:39Z" finished-at="2022-10-29T10:30:50Z">
      <class name="com.ncd.tests.NCD">
        <test-method status="PASS" signature="beforeTest()[pri:0, instance:com.ncd.tests.NCD@43ee72e6]" name="beforeTest" is-config="true" duration-ms="14603" started-at="2022-10-29T10:21:39Z" finished-at="2022-10-29T10:21:54Z">
          <reporter-output>
          </reporter-output>
        </test-method> <!-- beforeTest -->
        <test-method status="PASS" signature="loginTitleTest()[pri:1, instance:com.ncd.tests.NCD@43ee72e6]" name="loginTitleTest" duration-ms="5901" started-at="2022-10-29T10:21:54Z" finished-at="2022-10-29T10:22:00Z">
          <reporter-output>
          </reporter-output>
        </test-method> <!-- loginTitleTest -->
        <test-method status="PASS" signature="loginTestBuyer()[pri:2, instance:com.ncd.tests.NCD@43ee72e6]" name="loginTestBuyer" duration-ms="19939" started-at="2022-10-29T10:22:00Z" finished-at="2022-10-29T10:22:20Z">
          <reporter-output>
          </reporter-output>
        </test-method> <!-- loginTestBuyer -->
        <test-method status="PASS" signature="autionMarket()[pri:3, instance:com.ncd.tests.NCD@43ee72e6]" name="autionMarket" duration-ms="38074" started-at="2022-10-29T10:22:20Z" finished-at="2022-10-29T10:22:58Z">
          <reporter-output>
          </reporter-output>
        </test-method> <!-- autionMarket -->
        <test-method status="PASS" signature="checkStatusBuyer()[pri:4, instance:com.ncd.tests.NCD@43ee72e6]" name="checkStatusBuyer" duration-ms="394934" started-at="2022-10-29T10:22:58Z" finished-at="2022-10-29T10:29:33Z">
          <reporter-output>
          </reporter-output>
        </test-method> <!-- checkStatusBuyer -->
        <test-method status="PASS" signature="checkNotificationBuyer()[pri:5, instance:com.ncd.tests.NCD@43ee72e6]" name="checkNotificationBuyer" duration-ms="3302" started-at="2022-10-29T10:29:33Z" finished-at="2022-10-29T10:29:36Z">
          <reporter-output>
          </reporter-output>
        </test-method> <!-- checkNotificationBuyer -->
        <test-method status="PASS" signature="loginTestSeller()[pri:6, instance:com.ncd.tests.NCD@43ee72e6]" name="loginTestSeller" duration-ms="17936" started-at="2022-10-29T10:29:36Z" finished-at="2022-10-29T10:29:54Z">
          <reporter-output>
          </reporter-output>
        </test-method> <!-- loginTestSeller -->
        <test-method status="PASS" signature="doBookmark()[pri:7, instance:com.ncd.tests.NCD@43ee72e6]" name="doBookmark" duration-ms="15151" started-at="2022-10-29T10:29:54Z" finished-at="2022-10-29T10:30:09Z">
          <reporter-output>
          </reporter-output>
        </test-method> <!-- doBookmark -->
        <test-method status="PASS" signature="checkNotificationSeller()[pri:8, instance:com.ncd.tests.NCD@43ee72e6]" name="checkNotificationSeller" duration-ms="1582" started-at="2022-10-29T10:30:09Z" finished-at="2022-10-29T10:30:11Z">
          <reporter-output>
          </reporter-output>
        </test-method> <!-- checkNotificationSeller -->
        <test-method status="PASS" signature="checkStatusSeller()[pri:9, instance:com.ncd.tests.NCD@43ee72e6]" name="checkStatusSeller" duration-ms="24879" started-at="2022-10-29T10:30:11Z" finished-at="2022-10-29T10:30:36Z">
          <reporter-output>
          </reporter-output>
        </test-method> <!-- checkStatusSeller -->
        <test-method status="FAIL" signature="checkTradeBook()[pri:10, instance:com.ncd.tests.NCD@43ee72e6]" name="checkTradeBook" duration-ms="1329" started-at="2022-10-29T10:30:36Z" finished-at="2022-10-29T10:30:37Z">
          <exception class="java.lang.AssertionError">
            <message>
              <![CDATA[expected [true] but found [false]]]>
            </message>
            <full-stacktrace>
              <![CDATA[java.lang.AssertionError: expected [true] but found [false]
at org.testng.Assert.fail(Assert.java:96)
at org.testng.Assert.failNotEquals(Assert.java:776)
at org.testng.Assert.assertTrue(Assert.java:44)
at org.testng.Assert.assertTrue(Assert.java:54)
at com.ncd.tests.NCD.checkTradeBook(NCD.java:97)
at sun.reflect.NativeMethodAccessorImpl.invoke0(Native Method)
at sun.reflect.NativeMethodAccessorImpl.invoke(NativeMethodAccessorImpl.java:62)
at sun.reflect.DelegatingMethodAccessorImpl.invoke(DelegatingMethodAccessorImpl.java:43)
at java.lang.reflect.Method.invoke(Method.java:498)
at org.testng.internal.MethodInvocationHelper.invokeMethod(MethodInvocationHelper.java:124)
at org.testng.internal.Invoker.invokeMethod(Invoker.java:583)
at org.testng.internal.Invoker.invokeTestMethod(Invoker.java:719)
at org.testng.internal.Invoker.invokeTestMethods(Invoker.java:989)
at org.testng.internal.TestMethodWorker.invokeTestMethods(TestMethodWorker.java:125)
at org.testng.internal.TestMethodWorker.run(TestMethodWorker.java:109)
at org.testng.TestRunner.privateRun(TestRunner.java:648)
at org.testng.TestRunner.run(TestRunner.java:505)
at org.testng.SuiteRunner.runTest(SuiteRunner.java:455)
at org.testng.SuiteRunner.runSequentially(SuiteRunner.java:450)
at org.testng.SuiteRunner.privateRun(SuiteRunner.java:415)
at org.testng.SuiteRunner.run(SuiteRunner.java:364)
at org.testng.SuiteRunnerWorker.runSuite(SuiteRunnerWorker.java:52)
at org.testng.SuiteRunnerWorker.run(SuiteRunnerWorker.java:84)
at org.testng.TestNG.runSuitesSequentially(TestNG.java:1208)
at org.testng.TestNG.runSuitesLocally(TestNG.java:1137)
at org.testng.TestNG.runSuites(TestNG.java:1049)
at org.testng.TestNG.run(TestNG.java:1017)
at org.testng.remote.AbstractRemoteTestNG.run(AbstractRemoteTestNG.java:115)
at org.testng.remote.RemoteTestNG.initAndRun(RemoteTestNG.java:251)
at org.testng.remote.RemoteTestNG.main(RemoteTestNG.java:77)
]]>
            </full-stacktrace>
          </exception> <!-- java.lang.AssertionError -->
          <reporter-output>
          </reporter-output>
        </test-method> <!-- checkTradeBook -->
        <test-method status="FAIL" signature="checkMarginBlock()[pri:11, instance:com.ncd.tests.NCD@43ee72e6]" name="checkMarginBlock" duration-ms="5542" started-at="2022-10-29T10:30:37Z" finished-at="2022-10-29T10:30:43Z">
          <exception class="java.lang.AssertionError">
            <message>
              <![CDATA[expected [true] but found [false]]]>
            </message>
            <full-stacktrace>
              <![CDATA[java.lang.AssertionError: expected [true] but found [false]
at org.testng.Assert.fail(Assert.java:96)
at org.testng.Assert.failNotEquals(Assert.java:776)
at org.testng.Assert.assertTrue(Assert.java:44)
at org.testng.Assert.assertTrue(Assert.java:54)
at com.ncd.tests.NCD.checkMarginBlock(NCD.java:104)
at sun.reflect.NativeMethodAccessorImpl.invoke0(Native Method)
at sun.reflect.NativeMethodAccessorImpl.invoke(NativeMethodAccessorImpl.java:62)
at sun.reflect.DelegatingMethodAccessorImpl.invoke(DelegatingMethodAccessorImpl.java:43)
at java.lang.reflect.Method.invoke(Method.java:498)
at org.testng.internal.MethodInvocationHelper.invokeMethod(MethodInvocationHelper.java:124)
at org.testng.internal.Invoker.invokeMethod(Invoker.java:583)
at org.testng.internal.Invoker.invokeTestMethod(Invoker.java:719)
at org.testng.internal.Invoker.invokeTestMethods(Invoker.java:989)
at org.testng.internal.TestMethodWorker.invokeTestMethods(TestMethodWorker.java:125)
at org.testng.internal.TestMethodWorker.run(TestMethodWorker.java:109)
at org.testng.TestRunner.privateRun(TestRunner.java:648)
at org.testng.TestRunner.run(TestRunner.java:505)
at org.testng.SuiteRunner.runTest(SuiteRunner.java:455)
at org.testng.SuiteRunner.runSequentially(SuiteRunner.java:450)
at org.testng.SuiteRunner.privateRun(SuiteRunner.java:415)
at org.testng.SuiteRunner.run(SuiteRunner.java:364)
at org.testng.SuiteRunnerWorker.runSuite(SuiteRunnerWorker.java:52)
at org.testng.SuiteRunnerWorker.run(SuiteRunnerWorker.java:84)
at org.testng.TestNG.runSuitesSequentially(TestNG.java:1208)
at org.testng.TestNG.runSuitesLocally(TestNG.java:1137)
at org.testng.TestNG.runSuites(TestNG.java:1049)
at org.testng.TestNG.run(TestNG.java:1017)
at org.testng.remote.AbstractRemoteTestNG.run(AbstractRemoteTestNG.java:115)
at org.testng.remote.RemoteTestNG.initAndRun(RemoteTestNG.java:251)
at org.testng.remote.RemoteTestNG.main(RemoteTestNG.java:77)
]]>
            </full-stacktrace>
          </exception> <!-- java.lang.AssertionError -->
          <reporter-output>
          </reporter-output>
        </test-method> <!-- checkMarginBlock -->
        <test-method status="PASS" signature="afterTest()[pri:0, instance:com.ncd.tests.NCD@43ee72e6]" name="afterTest" is-config="true" duration-ms="7007" started-at="2022-10-29T10:30:43Z" finished-at="2022-10-29T10:30:50Z">
          <reporter-output>
          </reporter-output>
        </test-method> <!-- afterTest -->
      </class> <!-- com.ncd.tests.NCD -->
    </test> <!-- Default test -->
  </suite> <!-- Default suite -->
</testng-results>
